<?xml version="1.0" encoding="UTF-8"?>
<!-- Generated by org.testng.reporters.JUnitReportReporter -->
<testsuite hostname="CO-IT002670" name="com.automation.training.AutomationTest" tests="1" failures="0" timestamp="8 Apr 2020 14:11:22 GMT" time="0.009" errors="0">
  <testcase name="testConcat4" time="0.009" classname="com.automation.training.AutomationTest"/>
</testsuite> <!-- com.automation.training.AutomationTest -->
